 Package:Status:Install
 -------:------:-------
 vim:[[32m + [39m]:apt
 neofetch:[[32m + [39m]:apt
 python3:[[32m + [39m]:apt
 gcc:[[32m + [39m]:apt
 make:[[32m + [39m]:apt
 automake:[[32m + [39m]:apt
 autoconf:[[32m + [39m]:apt
 git:[[32m + [39m]:apt
 gawk:[[32m + [39m]:apt
 net-tools:[[32m + [39m]:apt
 inkscape:[[32m + [39m]:apt
 htop:[[32m + [39m]:apt
 vlc:[[32m + [39m]:apt
 arduino:[[32m + [39m]:apt
 sublime-text:[[32m + [39m]:apt
 cod:[[91m - [39m]:
 kcalc:[[32m + [39m]:snap
 keepassxc:[[32m + [39m]:snap
